[INFO  - 2018-01-02T01:15:01.375Z] GhostDriver - Main - running on port 55066
[INFO  - 2018-01-02T01:15:04.651Z] Session [5d1e2040-ef5a-11e7-b56a-e37c219a2252] - page.settings - {"XSSAuditingEnabled":false,"javascriptCanCloseWindows":true,"javascriptCanOpenWindows":true,"javascriptEnabled":true,"loadImages":true,"localToRemoteUrlAccessEnabled":false,"userAgent":"Mozilla/5.0 (Windows NT 6.1; WOW64) AppleWebKit/538.1 (KHTML, like Gecko) PhantomJS/2.1.1 Safari/538.1","webSecurityEnabled":true}
[INFO  - 2018-01-02T01:15:04.651Z] Session [5d1e2040-ef5a-11e7-b56a-e37c219a2252] - page.customHeaders:  - {}
[INFO  - 2018-01-02T01:15:04.651Z] Session [5d1e2040-ef5a-11e7-b56a-e37c219a2252] - Session.negotiatedCapabilities - {"browserName":"phantomjs","version":"2.1.1","driverName":"ghostdriver","driverVersion":"1.2.0","platform":"windows-7-32bit","javascriptEnabled":true,"takesScreenshot":true,"handlesAlerts":false,"databaseEnabled":false,"locationContextEnabled":false,"applicationCacheEnabled":false,"browserConnectionEnabled":false,"cssSelectorsEnabled":true,"webStorageEnabled":false,"rotatable":false,"acceptSslCerts":false,"nativeEvents":true,"proxy":{"proxyType":"direct"}}
[INFO  - 2018-01-02T01:15:04.651Z] SessionManagerReqHand - _postNewSessionCommand - New Session Created: 5d1e2040-ef5a-11e7-b56a-e37c219a2252
[ERROR - 2018-01-02T01:15:08.207Z] Session [5d1e2040-ef5a-11e7-b56a-e37c219a2252] - page.onError - msg: kg/search-suggest/6.3.1/new_suggest.css is not loaded! can not find module in path : https://g.alicdn.com/kg/??search-suggest/6.3.1/new_suggest-min.css

  phantomjs://platform/console++.js:263 in error
[ERROR - 2018-01-02T01:15:08.207Z] Session [5d1e2040-ef5a-11e7-b56a-e37c219a2252] - page.onError - stack:
  (anonymous function) (https://g.alicdn.com/??kissy/k/6.2.4/seed-min.js,kg/global-util/1.0.5/index-min.js,tb/tracker/4.2.1/p/index/index.js,kg/tb-nav/2.5.3/index-min.js,secdev/sufei_data/3.0.8/index.js:5)

  phantomjs://platform/console++.js:263 in error
[ERROR - 2018-01-02T01:15:08.223Z] Session [5d1e2040-ef5a-11e7-b56a-e37c219a2252] - page.onError - msg: kg/search-suggest/6.3.1/index is not loaded! can not find module in path : https://g.alicdn.com/kg/??search-suggest/6.3.1/index-min.js,search-suggest/6.3.1/plugin/history-min.js,search-suggest/6.3.1/plugin/cloud-min.js,search-suggest/6.3.1/plugin/tab-min.js,search-suggest/6.3.1/plugin/history-magic-min.js,search-suggest/6.3.1/plugin/imgsearch-min.js,search-suggest/6.3.1/theme/pailitao/index-min.js

  phantomjs://platform/console++.js:263 in error
[ERROR - 2018-01-02T01:15:08.223Z] Session [5d1e2040-ef5a-11e7-b56a-e37c219a2252] - page.onError - stack:
  (anonymous function) (https://g.alicdn.com/??kissy/k/6.2.4/seed-min.js,kg/global-util/1.0.5/index-min.js,tb/tracker/4.2.1/p/index/index.js,kg/tb-nav/2.5.3/index-min.js,secdev/sufei_data/3.0.8/index.js:5)

  phantomjs://platform/console++.js:263 in error
[ERROR - 2018-01-02T01:15:08.223Z] Session [5d1e2040-ef5a-11e7-b56a-e37c219a2252] - page.onError - msg: kg/search-suggest/6.3.1/plugin/history is not loaded! can not find module in path : https://g.alicdn.com/kg/??search-suggest/6.3.1/index-min.js,search-suggest/6.3.1/plugin/history-min.js,search-suggest/6.3.1/plugin/cloud-min.js,search-suggest/6.3.1/plugin/tab-min.js,search-suggest/6.3.1/plugin/history-magic-min.js,search-suggest/6.3.1/plugin/imgsearch-min.js,search-suggest/6.3.1/theme/pailitao/index-min.js

  phantomjs://platform/console++.js:263 in error
[ERROR - 2018-01-02T01:15:08.223Z] Session [5d1e2040-ef5a-11e7-b56a-e37c219a2252] - page.onError - stack:
  (anonymous function) (https://g.alicdn.com/??kissy/k/6.2.4/seed-min.js,kg/global-util/1.0.5/index-min.js,tb/tracker/4.2.1/p/index/index.js,kg/tb-nav/2.5.3/index-min.js,secdev/sufei_data/3.0.8/index.js:5)

  phantomjs://platform/console++.js:263 in error
[ERROR - 2018-01-02T01:15:08.223Z] Session [5d1e2040-ef5a-11e7-b56a-e37c219a2252] - page.onError - msg: kg/search-suggest/6.3.1/plugin/cloud is not loaded! can not find module in path : https://g.alicdn.com/kg/??search-suggest/6.3.1/index-min.js,search-suggest/6.3.1/plugin/history-min.js,search-suggest/6.3.1/plugin/cloud-min.js,search-suggest/6.3.1/plugin/tab-min.js,search-suggest/6.3.1/plugin/history-magic-min.js,search-suggest/6.3.1/plugin/imgsearch-min.js,search-suggest/6.3.1/theme/pailitao/index-min.js

  phantomjs://platform/console++.js:263 in error
[ERROR - 2018-01-02T01:15:08.224Z] Session [5d1e2040-ef5a-11e7-b56a-e37c219a2252] - page.onError - stack:
  (anonymous function) (https://g.alicdn.com/??kissy/k/6.2.4/seed-min.js,kg/global-util/1.0.5/index-min.js,tb/tracker/4.2.1/p/index/index.js,kg/tb-nav/2.5.3/index-min.js,secdev/sufei_data/3.0.8/index.js:5)

  phantomjs://platform/console++.js:263 in error
[ERROR - 2018-01-02T01:15:08.224Z] Session [5d1e2040-ef5a-11e7-b56a-e37c219a2252] - page.onError - msg: kg/search-suggest/6.3.1/plugin/tab is not loaded! can not find module in path : https://g.alicdn.com/kg/??search-suggest/6.3.1/index-min.js,search-suggest/6.3.1/plugin/history-min.js,search-suggest/6.3.1/plugin/cloud-min.js,search-suggest/6.3.1/plugin/tab-min.js,search-suggest/6.3.1/plugin/history-magic-min.js,search-suggest/6.3.1/plugin/imgsearch-min.js,search-suggest/6.3.1/theme/pailitao/index-min.js

  phantomjs://platform/console++.js:263 in error
[ERROR - 2018-01-02T01:15:08.224Z] Session [5d1e2040-ef5a-11e7-b56a-e37c219a2252] - page.onError - stack:
  (anonymous function) (https://g.alicdn.com/??kissy/k/6.2.4/seed-min.js,kg/global-util/1.0.5/index-min.js,tb/tracker/4.2.1/p/index/index.js,kg/tb-nav/2.5.3/index-min.js,secdev/sufei_data/3.0.8/index.js:5)

  phantomjs://platform/console++.js:263 in error
[ERROR - 2018-01-02T01:15:08.224Z] Session [5d1e2040-ef5a-11e7-b56a-e37c219a2252] - page.onError - msg: kg/search-suggest/6.3.1/plugin/history-magic is not loaded! can not find module in path : https://g.alicdn.com/kg/??search-suggest/6.3.1/index-min.js,search-suggest/6.3.1/plugin/history-min.js,search-suggest/6.3.1/plugin/cloud-min.js,search-suggest/6.3.1/plugin/tab-min.js,search-suggest/6.3.1/plugin/history-magic-min.js,search-suggest/6.3.1/plugin/imgsearch-min.js,search-suggest/6.3.1/theme/pailitao/index-min.js

  phantomjs://platform/console++.js:263 in error
[ERROR - 2018-01-02T01:15:08.224Z] Session [5d1e2040-ef5a-11e7-b56a-e37c219a2252] - page.onError - stack:
  (anonymous function) (https://g.alicdn.com/??kissy/k/6.2.4/seed-min.js,kg/global-util/1.0.5/index-min.js,tb/tracker/4.2.1/p/index/index.js,kg/tb-nav/2.5.3/index-min.js,secdev/sufei_data/3.0.8/index.js:5)

  phantomjs://platform/console++.js:263 in error
[ERROR - 2018-01-02T01:15:08.224Z] Session [5d1e2040-ef5a-11e7-b56a-e37c219a2252] - page.onError - msg: kg/search-suggest/6.3.1/plugin/imgsearch is not loaded! can not find module in path : https://g.alicdn.com/kg/??search-suggest/6.3.1/index-min.js,search-suggest/6.3.1/plugin/history-min.js,search-suggest/6.3.1/plugin/cloud-min.js,search-suggest/6.3.1/plugin/tab-min.js,search-suggest/6.3.1/plugin/history-magic-min.js,search-suggest/6.3.1/plugin/imgsearch-min.js,search-suggest/6.3.1/theme/pailitao/index-min.js

  phantomjs://platform/console++.js:263 in error
[ERROR - 2018-01-02T01:15:08.224Z] Session [5d1e2040-ef5a-11e7-b56a-e37c219a2252] - page.onError - stack:
  (anonymous function) (https://g.alicdn.com/??kissy/k/6.2.4/seed-min.js,kg/global-util/1.0.5/index-min.js,tb/tracker/4.2.1/p/index/index.js,kg/tb-nav/2.5.3/index-min.js,secdev/sufei_data/3.0.8/index.js:5)

  phantomjs://platform/console++.js:263 in error
[ERROR - 2018-01-02T01:15:08.224Z] Session [5d1e2040-ef5a-11e7-b56a-e37c219a2252] - page.onError - msg: kg/search-suggest/6.3.1/theme/pailitao/index is not loaded! can not find module in path : https://g.alicdn.com/kg/??search-suggest/6.3.1/index-min.js,search-suggest/6.3.1/plugin/history-min.js,search-suggest/6.3.1/plugin/cloud-min.js,search-suggest/6.3.1/plugin/tab-min.js,search-suggest/6.3.1/plugin/history-magic-min.js,search-suggest/6.3.1/plugin/imgsearch-min.js,search-suggest/6.3.1/theme/pailitao/index-min.js

  phantomjs://platform/console++.js:263 in error
[ERROR - 2018-01-02T01:15:08.225Z] Session [5d1e2040-ef5a-11e7-b56a-e37c219a2252] - page.onError - stack:
  (anonymous function) (https://g.alicdn.com/??kissy/k/6.2.4/seed-min.js,kg/global-util/1.0.5/index-min.js,tb/tracker/4.2.1/p/index/index.js,kg/tb-nav/2.5.3/index-min.js,secdev/sufei_data/3.0.8/index.js:5)

  phantomjs://platform/console++.js:263 in error
[ERROR - 2018-01-02T01:15:08.229Z] Session [5d1e2040-ef5a-11e7-b56a-e37c219a2252] - page.onError - msg: kg/sidebar/1.0.10/lib/attrs/20161212 is not loaded! can not find module in path : https://g.alicdn.com/kg/??sidebar/1.0.10/lib/attrs/20161212-min.js,xtemplate/4.5.0/runtime-min.js,sidebar/1.0.10/lib/kissyConfig-min.js

  phantomjs://platform/console++.js:263 in error
[ERROR - 2018-01-02T01:15:08.230Z] Session [5d1e2040-ef5a-11e7-b56a-e37c219a2252] - page.onError - stack:
  (anonymous function) (https://g.alicdn.com/??kissy/k/6.2.4/seed-min.js,kg/global-util/1.0.5/index-min.js,tb/tracker/4.2.1/p/index/index.js,kg/tb-nav/2.5.3/index-min.js,secdev/sufei_data/3.0.8/index.js:5)

  phantomjs://platform/console++.js:263 in error
[ERROR - 2018-01-02T01:15:08.230Z] Session [5d1e2040-ef5a-11e7-b56a-e37c219a2252] - page.onError - msg: kg/xtemplate/4.5.0/runtime is not loaded! can not find module in path : https://g.alicdn.com/kg/??sidebar/1.0.10/lib/attrs/20161212-min.js,xtemplate/4.5.0/runtime-min.js,sidebar/1.0.10/lib/kissyConfig-min.js

  phantomjs://platform/console++.js:263 in error
[ERROR - 2018-01-02T01:15:08.230Z] Session [5d1e2040-ef5a-11e7-b56a-e37c219a2252] - page.onError - stack:
  (anonymous function) (https://g.alicdn.com/??kissy/k/6.2.4/seed-min.js,kg/global-util/1.0.5/index-min.js,tb/tracker/4.2.1/p/index/index.js,kg/tb-nav/2.5.3/index-min.js,secdev/sufei_data/3.0.8/index.js:5)

  phantomjs://platform/console++.js:263 in error
[ERROR - 2018-01-02T01:15:08.230Z] Session [5d1e2040-ef5a-11e7-b56a-e37c219a2252] - page.onError - msg: kg/sidebar/1.0.10/lib/kissyConfig is not loaded! can not find module in path : https://g.alicdn.com/kg/??sidebar/1.0.10/lib/attrs/20161212-min.js,xtemplate/4.5.0/runtime-min.js,sidebar/1.0.10/lib/kissyConfig-min.js

  phantomjs://platform/console++.js:263 in error
[ERROR - 2018-01-02T01:15:08.230Z] Session [5d1e2040-ef5a-11e7-b56a-e37c219a2252] - page.onError - stack:
  (anonymous function) (https://g.alicdn.com/??kissy/k/6.2.4/seed-min.js,kg/global-util/1.0.5/index-min.js,tb/tracker/4.2.1/p/index/index.js,kg/tb-nav/2.5.3/index-min.js,secdev/sufei_data/3.0.8/index.js:5)

  phantomjs://platform/console++.js:263 in error
[ERROR - 2018-01-02T01:15:08.231Z] Session [5d1e2040-ef5a-11e7-b56a-e37c219a2252] - page.onError - msg: /mm/tb-page-peel/0.0.5/index is not loaded! can not find module in path : https://g.alicdn.com/mm/tb-page-peel/0.0.5/index-min.js

  phantomjs://platform/console++.js:263 in error
[ERROR - 2018-01-02T01:15:08.231Z] Session [5d1e2040-ef5a-11e7-b56a-e37c219a2252] - page.onError - stack:
  (anonymous function) (https://g.alicdn.com/??kissy/k/6.2.4/seed-min.js,kg/global-util/1.0.5/index-min.js,tb/tracker/4.2.1/p/index/index.js,kg/tb-nav/2.5.3/index-min.js,secdev/sufei_data/3.0.8/index.js:5)

  phantomjs://platform/console++.js:263 in error
[ERROR - 2018-01-02T01:15:38.763Z] Session [5d1e2040-ef5a-11e7-b56a-e37c219a2252] - page.onError - msg: TypeError: undefined is not an object (evaluating 'MBOX[a].data')

  phantomjs://platform/console++.js:263 in error
[ERROR - 2018-01-02T01:15:38.763Z] Session [5d1e2040-ef5a-11e7-b56a-e37c219a2252] - page.onError - stack:
  getData (https://acc.alicdn.com/tfscom/TB1Hl7WOVXXXXXWXVXXdutXFXXX.js:5)
  (anonymous function) (https://acc.alicdn.com/tfscom/TB1Hl7WOVXXXXXWXVXXdutXFXXX.js:10)
  _use (https://acc.alicdn.com/tfscom/TB1ZuwzOVXXXXcaapXXdutXFXXX.js:1)
  load (https://acc.alicdn.com/tfscom/TB1ZuwzOVXXXXcaapXXdutXFXXX.js:1)
  getData (https://acc.alicdn.com/tfscom/TB1Hl7WOVXXXXXWXVXXdutXFXXX.js:10)
  render (https://acc.alicdn.com/tfscom/TB1Hl7WOVXXXXXWXVXXdutXFXXX.js:13)
  s (https://acc.alicdn.com/tfscom/TB1Hl7WOVXXXXXWXVXXdutXFXXX.js:15)
  (anonymous function) (https://acc.alicdn.com/tfscom/TB1Hl7WOVXXXXXWXVXXdutXFXXX.js:15)
  _use (https://acc.alicdn.com/tfscom/TB1ZuwzOVXXXXcaapXXdutXFXXX.js:1)
  load (https://acc.alicdn.com/tfscom/TB1ZuwzOVXXXXcaapXXdutXFXXX.js:1)
  i (https://acc.alicdn.com/tfscom/TB1Hl7WOVXXXXXWXVXXdutXFXXX.js:15)
  (anonymous function) (https://acc.alicdn.com/tfscom/TB1Hl7WOVXXXXXWXVXXdutXFXXX.js:15)
  _use (https://acc.alicdn.com/tfscom/TB1ZuwzOVXXXXcaapXXdutXFXXX.js:1)
  load (https://acc.alicdn.com/tfscom/TB1ZuwzOVXXXXcaapXXdutXFXXX.js:1)
  (anonymous function) (https://acc.alicdn.com/tfscom/TB1Hl7WOVXXXXXWXVXXdutXFXXX.js:15)

  phantomjs://platform/console++.js:263 in error
